
 ==============================================================================
 This is ALGENCAN 3.1.1.
 ALGENCAN, an Augmented Lagrangian method for nonlinear programming, is part of
 the TANGO Project: Trustable Algorithms for Nonlinear General Optimization.
 See http://www.ime.usp.br/~egbirgin/tango/ for details.
 ==============================================================================

 Processing array of parameters with   1 entrances:

 SOLUTION-FILENAME                                               'SOLUTION.TXT'

 The specification file is not being used.

 Available HSL subroutines = NONE           

 ALGENCAN PARAMETERS:

 firstde                =                    F
 seconde                =                    F
 truehpr                =                    F
 hptype in TN           =               HAPPRO
 lsslvr in TR           =            NONE/NONE
 lsslvr in NW           =            NONE/NONE
 lsslvr in ACCPROC      =            NONE/NONE
 innslvr                =                   TN
 accproc                =                    F
 rmfixv                 =                    T
 slacks                 =                    F
 scale                  =                    T
 epsfeas                =           1.0000D-08
 epsopt                 =           1.0000D-08
 efstain                =           1.0000D-04
 eostain                =           1.0000D-12
 efacc                  =           1.0000D-04
 eoacc                  =           1.0000D-04
 iprint                 =                   10
 ncomp                  =                    6

 Specification filename =                   ''
 Output filename        =       'algencan.out'
 Solution filename      =       'SOLUTION.TXT'

 Number of variables               :       8
 Number of equality constraints    :       0
 Number of inequality constraints  :       6
 Number of bound constraints       :      16
 Number of fixed variables         :       0

 There are no fixed variables to be removed.

 Objective function scale factor   : 3.7D-01
 Smallest constraints scale factor : 9.1D-02

 Entry to ALGENCAN.
 Number of variables  :       8
 Number of constraints:       6

out penalt  objective infeas  scaled    scaled infeas norm   |Grad| inner Newton
ite         function  ibilty  obj-funct infeas +compl graLag infeas totit forKKT
  0        -2.459D+01 0.D+00 -9.192D+00 0.D+00 0.D+00 1.D+00 0.D+00    0   0   0
  1 9.D+01 -5.463D+01 0.D+00 -2.042D+01 0.D+00 0.D+00 0.D+00 0.D+00    6C  0   0

 Flag of ALGENCAN: Solution was found.

 User-provided subroutines calls counters: 

 Subroutine fsub     (coded=T):      287
 Subroutine gsub     (coded=F):        0
 Subroutine hsub     (coded=F):        0
 Subroutine csub     (coded=T):      198 (      33 calls per constraint in avg)
 Subroutine jacsub   (coded=T):       22 (       3 calls per constraint in avg)
 Subroutine hcsub    (coded=F):        0 (       0 calls per constraint in avg)
 Subroutine fcsub    (coded=F):        0
 Subroutine gjacsub  (coded=F):        0
 Subroutine gjacpsub (coded=F):        0
 Subroutine hlsub    (coded=F):        0
 Subroutine hlpsub   (coded=F):        0


 Total CPU time in seconds =     0.00
